生成启动时间为 2017/5/8 19:57:47。
     1>项目“E:\curriculum\数据结构与算法\上机\two\two.vcxproj”在节点 2 上(build 个目标)。
     1>InitializeBuildStatus:
         正在创建“Debug\two.unsuccessfulbuild”，因为已指定“AlwaysCreate”。
       ClCompile:
         D:\VS2010旗舰\VC\bin\CL.exe /c /ZI /nologo /W3 /WX- /Od /Oy- /D WIN32 /D _DEBUG /D _CONSOLE /D _UNICODE /D UNICODE /Gm /EHsc /RTC1 /MDd /GS /fp:precise /Zc:wchar_t /Zc:forScope /Fo"Debug\\" /Fd"Debug\vc100.pdb" /Gd /TP /analyze- /errorReport:prompt main.cpp
         main.cpp
       ManifestResourceCompile:
         C:\Program Files (x86)\Microsoft SDKs\Windows\v7.0A\bin\rc.exe /nologo /fo"Debug\two.exe.embed.manifest.res" Debug\two_manifest.rc 
       Link:
         D:\VS2010旗舰\VC\bin\link.exe /ERRORREPORT:PROMPT /OUT:"E:\curriculum\数据结构与算法\上机\two\Debug\two.exe" /INCREMENTAL /NOLOGO kernel32.lib user32.lib gdi32.lib winspool.lib comdlg32.lib advapi32.lib shell32.lib ole32.lib oleaut32.lib uuid.lib odbc32.lib odbccp32.lib /MANIFEST /ManifestFile:"Debug\two.exe.intermediate.manifest" /MANIFESTUAC:"level='asInvoker' uiAccess='false'" /DEBUG /PDB:"E:\curriculum\数据结构与算法\上机\two\Debug\two.pdb" /SUBSYSTEM:CONSOLE /TLBID:1 /DYNAMICBASE /NXCOMPAT /IMPLIB:"E:\curriculum\数据结构与算法\上机\two\Debug\two.lib" /MACHINE:X86 Debug\two.exe.embed.manifest.res
         Debug\main.obj
       Manifest:
         C:\Program Files (x86)\Microsoft SDKs\Windows\v7.0A\bin\mt.exe /nologo /verbose /out:"Debug\two.exe.embed.manifest" /manifest Debug\two.exe.intermediate.manifest
         C:\Program Files (x86)\Microsoft SDKs\Windows\v7.0A\bin\rc.exe /nologo /fo"Debug\two.exe.embed.manifest.res" Debug\two_manifest.rc 
       LinkEmbedManifest:
         D:\VS2010旗舰\VC\bin\link.exe /ERRORREPORT:PROMPT /OUT:"E:\curriculum\数据结构与算法\上机\two\Debug\two.exe" /INCREMENTAL /NOLOGO kernel32.lib user32.lib gdi32.lib winspool.lib comdlg32.lib advapi32.lib shell32.lib ole32.lib oleaut32.lib uuid.lib odbc32.lib odbccp32.lib /MANIFEST /ManifestFile:"Debug\two.exe.intermediate.manifest" /MANIFESTUAC:"level='asInvoker' uiAccess='false'" /DEBUG /PDB:"E:\curriculum\数据结构与算法\上机\two\Debug\two.pdb" /SUBSYSTEM:CONSOLE /TLBID:1 /DYNAMICBASE /NXCOMPAT /IMPLIB:"E:\curriculum\数据结构与算法\上机\two\Debug\two.lib" /MACHINE:X86 Debug\two.exe.embed.manifest.res
         Debug\main.obj
         two.vcxproj -> E:\curriculum\数据结构与算法\上机\two\Debug\two.exe
       FinalizeBuildStatus:
         正在删除文件“Debug\two.unsuccessfulbuild”。
         正在对“Debug\two.lastbuildstate”执行 Touch 任务。
     1>已完成生成项目“E:\curriculum\数据结构与算法\上机\two\two.vcxproj”(build 个目标)的操作。

生成成功。

已用时间 00:00:01.41
