生成启动时间为 2017/5/8 21:52:11。
     1>项目“E:\curriculum\数据结构与算法\上机\three\three.vcxproj”在节点 2 上(build 个目标)。
     1>InitializeBuildStatus:
         正在创建“Debug\three.unsuccessfulbuild”，因为已指定“AlwaysCreate”。
       ClCompile:
         D:\VS2010旗舰\VC\bin\CL.exe /c /ZI /nologo /W3 /WX- /Od /Oy- /D WIN32 /D _DEBUG /D _CONSOLE /D _UNICODE /D UNICODE /Gm /EHsc /RTC1 /MDd /GS /fp:precise /Zc:wchar_t /Zc:forScope /Fo"Debug\\" /Fd"Debug\vc100.pdb" /Gd /TP /analyze- /errorReport:prompt main.cpp
         main.cpp
       ManifestResourceCompile:
         所有输出均为最新。
       Link:
         D:\VS2010旗舰\VC\bin\link.exe /ERRORREPORT:PROMPT /OUT:"E:\curriculum\数据结构与算法\上机\three\Debug\three.exe" /INCREMENTAL /NOLOGO kernel32.lib user32.lib gdi32.lib winspool.lib comdlg32.lib advapi32.lib shell32.lib ole32.lib oleaut32.lib uuid.lib odbc32.lib odbccp32.lib /MANIFEST /ManifestFile:"Debug\three.exe.intermediate.manifest" /MANIFESTUAC:"level='asInvoker' uiAccess='false'" /DEBUG /PDB:"E:\curriculum\数据结构与算法\上机\three\Debug\three.pdb" /SUBSYSTEM:CONSOLE /TLBID:1 /DYNAMICBASE /NXCOMPAT /IMPLIB:"E:\curriculum\数据结构与算法\上机\three\Debug\three.lib" /MACHINE:X86 Debug\three.exe.embed.manifest.res
         Debug\main.obj
       Manifest:
         C:\Program Files (x86)\Microsoft SDKs\Windows\v7.0A\bin\mt.exe /nologo /verbose /out:"Debug\three.exe.embed.manifest" /manifest Debug\three.exe.intermediate.manifest
         所有输出均为最新。
       LinkEmbedManifest:
         所有输出均为最新。
         three.vcxproj -> E:\curriculum\数据结构与算法\上机\three\Debug\three.exe
       FinalizeBuildStatus:
         正在删除文件“Debug\three.unsuccessfulbuild”。
         正在对“Debug\three.lastbuildstate”执行 Touch 任务。
     1>已完成生成项目“E:\curriculum\数据结构与算法\上机\three\three.vcxproj”(build 个目标)的操作。

生成成功。

已用时间 00:00:00.95
